######### NAME: flat_2 or less people_before 1900
Directory  Model_flat_2 or less people_before 1900  already exists
exogenous features:  ['weekend', 'qtr', 'month', 'season', 'hour', 'day', 'daylight', 'business hour']
Performing stepwise search to minimize aic
 ARIMA(2,0,2)(0,0,0)[0] intercept   : AIC=247444.758, Time=76.68 sec
 ARIMA(0,0,0)(0,0,0)[0] intercept   : AIC=255749.451, Time=30.81 sec
 ARIMA(1,0,0)(0,0,0)[0] intercept   : AIC=247900.342, Time=40.24 sec
 ARIMA(0,0,1)(0,0,0)[0] intercept   : AIC=250598.504, Time=55.42 sec
 ARIMA(0,0,0)(0,0,0)[0]             : AIC=257293.850, Time=17.15 sec
 ARIMA(1,0,2)(0,0,0)[0] intercept   : AIC=247602.308, Time=68.64 sec
 ARIMA(2,0,1)(0,0,0)[0] intercept   : AIC=247604.558, Time=67.40 sec
 ARIMA(3,0,2)(0,0,0)[0] intercept   : AIC=247475.023, Time=82.26 sec
 ARIMA(2,0,3)(0,0,0)[0] intercept   : AIC=247417.141, Time=79.48 sec
 ARIMA(1,0,3)(0,0,0)[0] intercept   : AIC=247627.850, Time=77.21 sec
 ARIMA(3,0,3)(0,0,0)[0] intercept   : AIC=247415.295, Time=92.29 sec
 ARIMA(4,0,3)(0,0,0)[0] intercept   : AIC=inf, Time=91.27 sec
 ARIMA(3,0,4)(0,0,0)[0] intercept   : AIC=247427.586, Time=95.90 sec
 ARIMA(2,0,4)(0,0,0)[0] intercept   : AIC=247435.432, Time=88.98 sec
 ARIMA(4,0,2)(0,0,0)[0] intercept   : AIC=247532.382, Time=88.24 sec
 ARIMA(4,0,4)(0,0,0)[0] intercept   : AIC=inf, Time=112.32 sec
 ARIMA(3,0,3)(0,0,0)[0]             : AIC=247944.744, Time=81.34 sec

Best model:  ARIMA(3,0,3)(0,0,0)[0] intercept
Total fit time: 1245.678 seconds
arima_flat_2 or less people_before 1900.pkl: 
                               SARIMAX Results                                
==============================================================================
Dep. Variable:                      y   No. Observations:                20365
Model:               SARIMAX(3, 0, 3)   Log Likelihood             -123691.647
Date:                Sat, 02 Apr 2022   AIC                         247415.295
Time:                        19:45:05   BIC                         247542.040
Sample:                    01-31-2017   HQIC                        247456.726
                         - 03-31-2018                                         
Covariance Type:                  opg                                         
=================================================================================
                    coef    std err          z      P>|z|      [0.025      0.975]
---------------------------------------------------------------------------------
intercept         5.2948      0.398     13.295      0.000       4.514       6.075
weekend         -19.9142      4.228     -4.710      0.000     -28.202     -11.627
qtr              17.3657      7.467      2.326      0.020       2.731      32.001
month           -10.3654      2.458     -4.217      0.000     -15.184      -5.547
season           32.0454      1.669     19.199      0.000      28.774      35.317
hour              2.1848      0.323      6.759      0.000       1.551       2.818
day               9.3248      1.541      6.051      0.000       6.304      12.345
daylight         87.5386      2.716     32.225      0.000      82.214      92.863
business hour   -15.5966      3.107     -5.019      0.000     -21.687      -9.506
ar.L1             2.4024      0.029     83.871      0.000       2.346       2.459
ar.L2            -1.9495      0.052    -37.529      0.000      -2.051      -1.848
ar.L3             0.5161      0.025     20.979      0.000       0.468       0.564
ma.L1            -1.8840      0.029    -64.788      0.000      -1.941      -1.827
ma.L2             1.0747      0.041     26.125      0.000       0.994       1.155
ma.L3            -0.1082      0.015     -7.252      0.000      -0.137      -0.079
sigma2         1.075e+04     64.204    167.385      0.000    1.06e+04    1.09e+04
===================================================================================
Ljung-Box (L1) (Q):                   0.88   Jarque-Bera (JB):             63893.84
Prob(Q):                              0.35   Prob(JB):                         0.00
Heteroskedasticity (H):               0.90   Skew:                             1.92
Prob(H) (two-sided):                  0.00   Kurtosis:                        10.78
===================================================================================

Warnings:
[1] Covariance matrix calculated using the outer product of gradients (complex-step).
conf int:                                0           1
time                                       
2018-04-01 00:00:00  -80.625802  325.738533
2018-04-01 00:30:00  -90.299058  367.432283
2018-04-01 01:00:00  -88.625987  393.254268
2018-04-01 01:30:00  -85.376350  410.484775
2018-04-01 02:00:00  -77.469022  427.592223
...                         ...         ...
2018-06-30 21:30:00  102.719287  632.859898
2018-06-30 22:00:00  104.904038  635.044649
2018-06-30 22:30:00  104.904038  635.044649
2018-06-30 23:00:00  107.088789  637.229400
2018-06-30 23:30:00   19.550210  549.690821

[4368 rows x 2 columns]
results:                       Forecast_ARIMAX  forecast_normal
time                                                 
2018-04-01 00:00:00       122.556366       122.556366
2018-04-01 00:30:00       138.566613       138.566613
2018-04-01 01:00:00       152.314140       152.314140
2018-04-01 01:30:00       162.554212       162.554212
2018-04-01 02:00:00       175.061601       175.061601
...                              ...              ...
2018-06-30 21:30:00       367.789592       367.789592
2018-06-30 22:00:00       369.974343       369.974343
2018-06-30 22:30:00       369.974343       369.974343
2018-06-30 23:00:00       372.159094       372.159094
2018-06-30 23:30:00       284.620516       284.620516

[4368 rows x 2 columns]
ADF Statistic: -22.113977
p-value: 0.000000
Critical Values:
	1%: -3.432
	5%: -2.862
	10%: -2.567
Reject the null hypothesis (H0), the data is stationary.
RMSE for 01-04-2018: 155.40220384409918

MAE for 01-04-2018: 115.26334478307781

MAPE for 01-04-2018: 0.32648882425630193
RMSE for 30-06-2018: 138.01869745194918

MAE for 30-06-2018: 110.23376944664096

MAPE for 30-06-2018: 0.4413770404259243
RMSE of Auto ARIMAX: 109.56929990944546

MAE of Auto ARIMAX: 84.48412882653325

MAPE of Auto ARIMAX: 0.3202341266995221
forecast_normal    1.000000
Forecast_ARIMAX    1.000000
daylight           0.897537
hour               0.633165
avg                0.476083
season             0.262519
business hour      0.224906
month              0.216172
day                0.205025
weekend            0.058579
q10                0.027524
movave_30         -0.114001
q90               -0.143794
movave_7          -0.145918
movave_3          -0.146223
q50               -0.147406
movstd_7          -0.157247
movstd_3          -0.176330
movstd_30         -0.214293
qtr                     NaN


######### NAME: flat_2 or less people_after 1900
Directory  Model_flat_2 or less people_after 1900  already exists
exogenous features:  ['weekend', 'qtr', 'month', 'season', 'hour', 'day', 'daylight', 'business hour']
Performing stepwise search to minimize aic
 ARIMA(2,0,2)(0,0,0)[0] intercept   : AIC=268076.631, Time=80.18 sec
 ARIMA(0,0,0)(0,0,0)[0] intercept   : AIC=274325.404, Time=29.29 sec
 ARIMA(1,0,0)(0,0,0)[0] intercept   : AIC=268585.428, Time=45.12 sec
 ARIMA(0,0,1)(0,0,0)[0] intercept   : AIC=270496.878, Time=59.48 sec
 ARIMA(0,0,0)(0,0,0)[0]             : AIC=275434.983, Time=21.31 sec
 ARIMA(1,0,2)(0,0,0)[0] intercept   : AIC=268166.386, Time=71.46 sec
 ARIMA(2,0,1)(0,0,0)[0] intercept   : AIC=268138.412, Time=70.87 sec
 ARIMA(3,0,2)(0,0,0)[0] intercept   : AIC=268009.534, Time=83.23 sec
 ARIMA(3,0,1)(0,0,0)[0] intercept   : AIC=268115.804, Time=80.13 sec
 ARIMA(4,0,2)(0,0,0)[0] intercept   : AIC=268189.935, Time=95.35 sec
 ARIMA(3,0,3)(0,0,0)[0] intercept   : AIC=267925.169, Time=93.50 sec
 ARIMA(2,0,3)(0,0,0)[0] intercept   : AIC=268013.521, Time=86.38 sec
 ARIMA(4,0,3)(0,0,0)[0] intercept   : AIC=268097.308, Time=104.21 sec
 ARIMA(3,0,4)(0,0,0)[0] intercept   : AIC=268098.748, Time=95.26 sec
 ARIMA(2,0,4)(0,0,0)[0] intercept   : AIC=268018.021, Time=96.22 sec
 ARIMA(4,0,4)(0,0,0)[0] intercept   : AIC=268086.964, Time=95.82 sec
 ARIMA(3,0,3)(0,0,0)[0]             : AIC=268468.042, Time=82.44 sec

Best model:  ARIMA(3,0,3)(0,0,0)[0] intercept
Total fit time: 1290.271 seconds
arima_flat_2 or less people_after 1900.pkl: 
                               SARIMAX Results                                
==============================================================================
Dep. Variable:                      y   No. Observations:                21388
Model:               SARIMAX(3, 0, 3)   Log Likelihood             -133946.584
Date:                Sat, 02 Apr 2022   AIC                         267925.169
Time:                        20:08:16   BIC                         268052.698
Sample:                    01-10-2017   HQIC                        267966.757
                         - 03-31-2018                                         
Covariance Type:                  opg                                         
=================================================================================
                    coef    std err          z      P>|z|      [0.025      0.975]
---------------------------------------------------------------------------------
intercept         4.2075      0.335     12.546      0.000       3.550       4.865
weekend          -9.1966      4.482     -2.052      0.040     -17.982      -0.411
qtr              -0.7663      7.946     -0.096      0.923     -16.341      14.808
month            -4.0526      2.557     -1.585      0.113      -9.064       0.959
season           32.9873      1.795     18.382      0.000      29.470      36.505
hour              5.6832      0.287     19.835      0.000       5.122       6.245
day               6.1067      1.638      3.729      0.000       2.897       9.317
daylight         62.4854      3.471     18.003      0.000      55.683      69.288
business hour   -57.0517      3.823    -14.924      0.000     -64.545     -49.559
ar.L1             2.4544      0.022    113.063      0.000       2.412       2.497
ar.L2            -2.0331      0.040    -51.069      0.000      -2.111      -1.955
ar.L3             0.5495      0.019     28.638      0.000       0.512       0.587
ma.L1            -2.0091      0.023    -87.934      0.000      -2.054      -1.964
ma.L2             1.2367      0.036     34.275      0.000       1.166       1.307
ma.L3            -0.1601      0.015    -10.391      0.000      -0.190      -0.130
sigma2         1.613e+04    111.062    145.276      0.000    1.59e+04    1.64e+04
===================================================================================
Ljung-Box (L1) (Q):                   0.30   Jarque-Bera (JB):             29547.06
Prob(Q):                              0.58   Prob(JB):                         0.00
Heteroskedasticity (H):               1.14   Skew:                             1.57
Prob(H) (two-sided):                  0.00   Kurtosis:                         7.83
===================================================================================

Warnings:
[1] Covariance matrix calculated using the outer product of gradients (complex-step).
conf int:                                0           1
time                                       
2018-04-01 00:00:00 -148.316541  349.602157
2018-04-01 00:30:00 -165.700517  379.343412
2018-04-01 01:00:00 -171.939366  392.726112
2018-04-01 01:30:00 -181.212313  393.189174
2018-04-01 02:00:00 -181.444235  398.539184
...                         ...         ...
2018-06-30 21:30:00   88.858529  685.141367
2018-06-30 22:00:00   94.541706  690.824543
2018-06-30 22:30:00   94.541706  690.824543
2018-06-30 23:00:00  100.224882  696.507720
2018-06-30 23:30:00   37.739460  634.022298

[4368 rows x 2 columns]
results:                       Forecast_ARIMAX  forecast_normal
time                                                 
2018-04-01 00:00:00       100.642808       100.642808
2018-04-01 00:30:00       106.821447       106.821447
2018-04-01 01:00:00       110.393373       110.393373
2018-04-01 01:30:00       105.988430       105.988430
2018-04-01 02:00:00       108.547475       108.547475
...                              ...              ...
2018-06-30 21:30:00       386.999948       386.999948
2018-06-30 22:00:00       392.683124       392.683124
2018-06-30 22:30:00       392.683124       392.683124
2018-06-30 23:00:00       398.366301       398.366301
2018-06-30 23:30:00       335.880879       335.880879

[4368 rows x 2 columns]
ADF Statistic: -7.082870
p-value: 0.000000
Critical Values:
	1%: -3.432
	5%: -2.862
	10%: -2.567
Reject the null hypothesis (H0), the data is stationary.
RMSE for 01-04-2018: 121.50347759465063

MAE for 01-04-2018: 98.56861999305507

MAPE for 01-04-2018: 0.3349040721300898
RMSE for 30-06-2018: 111.36337441459736

MAE for 30-06-2018: 97.62069105779044

MAPE for 30-06-2018: 0.5208205634190066
RMSE of Auto ARIMAX: 120.0555965478945

MAE of Auto ARIMAX: 91.2735959727539

MAPE of Auto ARIMAX: 0.3941243854021525
forecast_normal    1.000000
Forecast_ARIMAX    1.000000
hour               0.797530
daylight           0.614910
avg                0.401405
season             0.280263
day                0.270879
month              0.244308
weekend            0.217230
q10               -0.137596
business hour     -0.151679
movstd_3          -0.194209
q50               -0.195317
movstd_7          -0.207805
q90               -0.210506
movave_3          -0.215264
movave_7          -0.217873
movave_30         -0.222908
movstd_30         -0.247470
qtr                     NaN


######### NAME: flat_3 or more people_before 1900
Directory  Model_flat_3 or more people_before 1900  already exists
exogenous features:  ['weekend', 'qtr', 'month', 'season', 'hour', 'day', 'daylight', 'business hour']
Performing stepwise search to minimize aic
 ARIMA(2,0,2)(0,0,0)[0] intercept   : AIC=257249.096, Time=80.89 sec
 ARIMA(0,0,0)(0,0,0)[0] intercept   : AIC=267208.147, Time=28.36 sec
 ARIMA(1,0,0)(0,0,0)[0] intercept   : AIC=257470.060, Time=41.72 sec
 ARIMA(0,0,1)(0,0,0)[0] intercept   : AIC=260696.437, Time=57.19 sec
 ARIMA(0,0,0)(0,0,0)[0]             : AIC=267447.473, Time=18.90 sec
 ARIMA(1,0,2)(0,0,0)[0] intercept   : AIC=257268.620, Time=70.13 sec
 ARIMA(2,0,1)(0,0,0)[0] intercept   : AIC=257291.573, Time=64.25 sec
 ARIMA(3,0,2)(0,0,0)[0] intercept   : AIC=256986.516, Time=87.69 sec
 ARIMA(3,0,1)(0,0,0)[0] intercept   : AIC=257295.766, Time=76.62 sec
 ARIMA(4,0,2)(0,0,0)[0] intercept   : AIC=257279.320, Time=85.76 sec
 ARIMA(3,0,3)(0,0,0)[0] intercept   : AIC=inf, Time=85.71 sec
 ARIMA(2,0,3)(0,0,0)[0] intercept   : AIC=257107.578, Time=78.39 sec
 ARIMA(4,0,1)(0,0,0)[0] intercept   : AIC=257220.405, Time=81.06 sec
 ARIMA(4,0,3)(0,0,0)[0] intercept   : AIC=257202.872, Time=98.61 sec
 ARIMA(3,0,2)(0,0,0)[0]             : AIC=257393.007, Time=73.63 sec

Best model:  ARIMA(3,0,2)(0,0,0)[0] intercept
Total fit time: 1028.928 seconds
arima_flat_3 or more people_before 1900.pkl: 
                               SARIMAX Results                                
==============================================================================
Dep. Variable:                      y   No. Observations:                20287
Model:               SARIMAX(3, 0, 2)   Log Likelihood             -128478.258
Date:                Sat, 02 Apr 2022   AIC                         256986.516
Time:                        20:26:59   BIC                         257105.282
Sample:                    02-02-2017   HQIC                        257025.346
                         - 03-31-2018                                         
Covariance Type:                  opg                                         
=================================================================================
                    coef    std err          z      P>|z|      [0.025      0.975]
---------------------------------------------------------------------------------
intercept         2.9765      0.464      6.411      0.000       2.066       3.887
weekend          -0.2237      6.243     -0.036      0.971     -12.459      12.012
qtr             -16.2219     10.941     -1.483      0.138     -37.666       5.222
month             9.4268      3.582      2.632      0.008       2.407      16.447
season           46.3815      2.668     17.388      0.000      41.153      51.610
hour              4.0877      0.462      8.848      0.000       3.182       4.993
day               6.8009      2.248      3.026      0.002       2.395      11.207
daylight         86.8326      4.034     21.526      0.000      78.926      94.739
business hour   -38.8435      4.393     -8.841      0.000     -47.455     -30.232
ar.L1             2.2903      0.019    121.435      0.000       2.253       2.327
ar.L2            -1.7479      0.032    -53.816      0.000      -1.812      -1.684
ar.L3             0.4238      0.014     29.443      0.000       0.396       0.452
ma.L1            -1.7079      0.018    -96.731      0.000      -1.742      -1.673
ma.L2             0.8036      0.018     45.845      0.000       0.769       0.838
sigma2         1.936e+04    127.281    152.076      0.000    1.91e+04    1.96e+04
===================================================================================
Ljung-Box (L1) (Q):                   2.71   Jarque-Bera (JB):             36962.81
Prob(Q):                              0.10   Prob(JB):                         0.00
Heteroskedasticity (H):               1.65   Skew:                             1.50
Prob(H) (two-sided):                  0.00   Kurtosis:                         8.90
===================================================================================

Warnings:
[1] Covariance matrix calculated using the outer product of gradients (complex-step).
conf int:                                0           1
time                                       
2018-04-01 00:00:00 -112.834974  432.534160
2018-04-01 00:30:00 -183.525629  447.619238
2018-04-01 01:00:00 -213.561457  452.418441
2018-04-01 01:30:00 -231.506006  454.059201
2018-04-01 02:00:00 -235.320672  463.545572
...                         ...         ...
2018-06-30 21:30:00   44.508390  778.222546
2018-06-30 22:00:00   48.596067  782.310223
2018-06-30 22:30:00   48.596067  782.310223
2018-06-30 23:00:00   52.683744  786.397900
2018-06-30 23:30:00  -34.148902  699.565254

[4368 rows x 2 columns]
results:                       Forecast_ARIMAX  forecast_normal
time                                                 
2018-04-01 00:00:00       159.849593       159.849593
2018-04-01 00:30:00       132.046804       132.046804
2018-04-01 01:00:00       119.428492       119.428492
2018-04-01 01:30:00       111.276597       111.276597
2018-04-01 02:00:00       114.112450       114.112450
...                              ...              ...
2018-06-30 21:30:00       411.365468       411.365468
2018-06-30 22:00:00       415.453145       415.453145
2018-06-30 22:30:00       415.453145       415.453145
2018-06-30 23:00:00       419.540822       419.540822
2018-06-30 23:30:00       332.708176       332.708176

[4368 rows x 2 columns]
ADF Statistic: -8.496966
p-value: 0.000000
Critical Values:
	1%: -3.432
	5%: -2.862
	10%: -2.567
Reject the null hypothesis (H0), the data is stationary.
RMSE for 01-04-2018: 116.06467168981044

MAE for 01-04-2018: 82.9834388676001

MAPE for 01-04-2018: 0.2294862099638766
RMSE for 30-06-2018: 113.4473366280722

MAE for 30-06-2018: 81.6096423603985

MAPE for 30-06-2018: 0.2166072787024659
RMSE of Auto ARIMAX: 152.0634386674122

MAE of Auto ARIMAX: 102.88320656471396

MAPE of Auto ARIMAX: 0.29562384622814464
forecast_normal    1.000000
Forecast_ARIMAX    1.000000
daylight           0.723164
hour               0.636448
season             0.507304
month              0.487091
avg                0.377576
day                0.306666
weekend            0.258509
q10                0.221751
business hour     -0.019054
q50               -0.117470
movave_7          -0.125057
q90               -0.135834
movave_3          -0.138469
movstd_7          -0.170879
movstd_3          -0.177661
movave_30         -0.439957
movstd_30         -0.459833
qtr                     NaN


######### NAME: flat_3 or more people_after 1900
Directory  Model_flat_3 or more people_after 1900  already exists
exogenous features:  ['weekend', 'qtr', 'month', 'season', 'hour', 'day', 'daylight', 'business hour']
Performing stepwise search to minimize aic
 ARIMA(2,0,2)(0,0,0)[0] intercept   : AIC=124179.168, Time=35.72 sec
 ARIMA(0,0,0)(0,0,0)[0] intercept   : AIC=128469.755, Time=15.86 sec
 ARIMA(1,0,0)(0,0,0)[0] intercept   : AIC=124260.579, Time=22.44 sec
 ARIMA(0,0,1)(0,0,0)[0] intercept   : AIC=125893.857, Time=28.78 sec
 ARIMA(0,0,0)(0,0,0)[0]             : AIC=129157.581, Time=10.18 sec
 ARIMA(1,0,2)(0,0,0)[0] intercept   : AIC=124263.739, Time=33.72 sec
 ARIMA(2,0,1)(0,0,0)[0] intercept   : AIC=124233.440, Time=37.23 sec
 ARIMA(3,0,2)(0,0,0)[0] intercept   : AIC=124275.059, Time=39.67 sec
 ARIMA(2,0,3)(0,0,0)[0] intercept   : AIC=124179.000, Time=40.00 sec
 ARIMA(1,0,3)(0,0,0)[0] intercept   : AIC=124288.934, Time=37.34 sec
 ARIMA(3,0,3)(0,0,0)[0] intercept   : AIC=124144.941, Time=45.73 sec
 ARIMA(4,0,3)(0,0,0)[0] intercept   : AIC=124188.946, Time=46.72 sec
 ARIMA(3,0,4)(0,0,0)[0] intercept   : AIC=124215.547, Time=50.59 sec
 ARIMA(2,0,4)(0,0,0)[0] intercept   : AIC=124188.646, Time=42.78 sec
 ARIMA(4,0,2)(0,0,0)[0] intercept   : AIC=124271.120, Time=41.53 sec
 ARIMA(4,0,4)(0,0,0)[0] intercept   : AIC=inf, Time=58.20 sec
 ARIMA(3,0,3)(0,0,0)[0]             : AIC=124422.860, Time=39.30 sec

Best model:  ARIMA(3,0,3)(0,0,0)[0] intercept
Total fit time: 625.798 seconds
arima_flat_3 or more people_after 1900.pkl: 
                               SARIMAX Results                                
==============================================================================
Dep. Variable:                      y   No. Observations:                 9909
Model:               SARIMAX(3, 0, 3)   Log Likelihood              -62056.470
Date:                Sat, 02 Apr 2022   AIC                         124144.941
Time:                        20:38:17   BIC                         124260.160
Sample:                    09-06-2017   HQIC                        124183.960
                         - 03-31-2018                                         
Covariance Type:                  opg                                         
=================================================================================
                    coef    std err          z      P>|z|      [0.025      0.975]
---------------------------------------------------------------------------------
intercept         4.9862      0.589      8.459      0.000       3.831       6.142
weekend         -16.8836      8.455     -1.997      0.046     -33.456      -0.311
qtr              12.5584     14.454      0.869      0.385     -15.772      40.889
month            -4.6923      4.728     -0.992      0.321     -13.959       4.574
season           28.9738      4.523      6.406      0.000      20.110      37.838
hour              2.8862      0.608      4.745      0.000       1.694       4.078
day              16.7523      3.080      5.439      0.000      10.715      22.789
daylight         85.2808      4.952     17.220      0.000      75.574      94.987
business hour     5.1150      6.216      0.823      0.411      -7.068      17.298
ar.L1             2.5077      0.023    110.074      0.000       2.463       2.552
ar.L2            -2.1371      0.043    -50.115      0.000      -2.221      -2.054
ar.L3             0.6021      0.021     28.725      0.000       0.561       0.643
ma.L1            -1.9408      0.024    -79.811      0.000      -1.989      -1.893
ma.L2             1.1066      0.038     28.981      0.000       1.032       1.181
ma.L3            -0.0858      0.016     -5.270      0.000      -0.118      -0.054
sigma2         1.633e+04    167.465     97.525      0.000     1.6e+04    1.67e+04
===================================================================================
Ljung-Box (L1) (Q):                   4.22   Jarque-Bera (JB):             10593.57
Prob(Q):                              0.04   Prob(JB):                         0.00
Heteroskedasticity (H):               0.60   Skew:                             1.28
Prob(H) (two-sided):                  0.00   Kurtosis:                         7.37
===================================================================================

Warnings:
[1] Covariance matrix calculated using the outer product of gradients (complex-step).
conf int:                                0           1
time                                       
2018-04-01 00:00:00   38.683759  539.638497
2018-04-01 00:30:00  -14.023179  561.820988
2018-04-01 01:00:00  -34.890768  573.349131
2018-04-01 01:30:00  -45.083693  579.712865
2018-04-01 02:00:00  -44.906158  589.623110
...                         ...         ...
2018-06-30 21:30:00  118.405484  781.730646
2018-06-30 22:00:00  121.291665  784.616827
2018-06-30 22:30:00  121.291665  784.616827
2018-06-30 23:00:00  124.177845  787.503007
2018-06-30 23:30:00   38.897094  702.222256

[4368 rows x 2 columns]
results:                       Forecast_ARIMAX  forecast_normal
time                                                 
2018-04-01 00:00:00       289.161128       289.161128
2018-04-01 00:30:00       273.898905       273.898905
2018-04-01 01:00:00       269.229181       269.229181
2018-04-01 01:30:00       267.314586       267.314586
2018-04-01 02:00:00       272.358476       272.358476
...                              ...              ...
2018-06-30 21:30:00       450.068065       450.068065
2018-06-30 22:00:00       452.954246       452.954246
2018-06-30 22:30:00       452.954246       452.954246
2018-06-30 23:00:00       455.840426       455.840426
2018-06-30 23:30:00       370.559675       370.559675

[4368 rows x 2 columns]
ADF Statistic: -18.389159
p-value: 0.000000
Critical Values:
	1%: -3.432
	5%: -2.862
	10%: -2.567
Reject the null hypothesis (H0), the data is stationary.
RMSE for 01-04-2018: 106.15258260454829

MAE for 01-04-2018: 92.30388980685571

MAPE for 01-04-2018: 0.3622847505146291
RMSE for 30-06-2018: 139.31987084000943

MAE for 30-06-2018: 116.42248924376243

MAPE for 30-06-2018: 0.3707872606788077
RMSE of Auto ARIMAX: 144.67485555172672

MAE of Auto ARIMAX: 116.58159308541715

MAPE of Auto ARIMAX: 0.416171519359828
forecast_normal    1.000000
Forecast_ARIMAX    1.000000
daylight           0.834204
hour               0.628991
avg                0.459903
day                0.402956
season             0.265961
business hour      0.259383
month              0.237475
weekend            0.224134
q10                0.024411
movstd_3          -0.064419
movstd_7          -0.066758
movave_3          -0.081139
q90               -0.087698
movave_7          -0.114172
q50               -0.164707
movave_30         -0.205192
movstd_30         -0.207219
qtr                     NaN


######### NAME: house_2 or less people_after 1965
Directory  Model_house_2 or less people_after 1965  already exists
exogenous features:  ['weekend', 'qtr', 'month', 'season', 'hour', 'day', 'daylight', 'business hour']
Performing stepwise search to minimize aic
 ARIMA(2,0,2)(0,0,0)[0] intercept   : AIC=143100.994, Time=40.27 sec
 ARIMA(0,0,0)(0,0,0)[0] intercept   : AIC=147665.140, Time=19.00 sec
 ARIMA(1,0,0)(0,0,0)[0] intercept   : AIC=143365.447, Time=24.52 sec
 ARIMA(0,0,1)(0,0,0)[0] intercept   : AIC=145105.788, Time=33.75 sec
 ARIMA(0,0,0)(0,0,0)[0]             : AIC=148249.922, Time=12.63 sec
 ARIMA(1,0,2)(0,0,0)[0] intercept   : AIC=143085.846, Time=39.76 sec
 ARIMA(0,0,2)(0,0,0)[0] intercept   : AIC=144250.560, Time=35.99 sec
 ARIMA(1,0,1)(0,0,0)[0] intercept   : AIC=143085.117, Time=35.42 sec
 ARIMA(2,0,1)(0,0,0)[0] intercept   : AIC=143085.227, Time=39.37 sec
 ARIMA(2,0,0)(0,0,0)[0] intercept   : AIC=143153.666, Time=36.90 sec
 ARIMA(1,0,1)(0,0,0)[0]             : AIC=143240.877, Time=32.27 sec

Best model:  ARIMA(1,0,1)(0,0,0)[0] intercept
Total fit time: 349.889 seconds
arima_house_2 or less people_after 1965.pkl: 
                               SARIMAX Results                                
==============================================================================
Dep. Variable:                      y   No. Observations:                11593
Model:               SARIMAX(1, 0, 1)   Log Likelihood              -71530.558
Date:                Sat, 02 Apr 2022   AIC                         143085.117
Time:                        20:44:48   BIC                         143173.415
Sample:                    08-02-2017   HQIC                        143114.787
                         - 03-31-2018                                         
Covariance Type:                  opg                                         
=================================================================================
                    coef    std err          z      P>|z|      [0.025      0.975]
---------------------------------------------------------------------------------
intercept        29.4992      3.857      7.647      0.000      21.939      37.060
weekend           0.3791      7.836      0.048      0.961     -14.980      15.738
qtr             -13.3189     15.629     -0.852      0.394     -43.950      17.312
month             0.0696      4.992      0.014      0.989      -9.714       9.853
season           42.6306      3.875     11.002      0.000      35.036      50.225
hour              4.8597      0.494      9.838      0.000       3.891       5.828
day               7.3234      2.896      2.529      0.011       1.648      12.999
daylight         35.6382      3.758      9.482      0.000      28.272      43.005
business hour   -16.7157      4.900     -3.411      0.001     -26.320      -7.111
ar.L1             0.7900      0.009     90.058      0.000       0.773       0.807
ma.L1            -0.2904      0.011    -26.174      0.000      -0.312      -0.269
sigma2         1.326e+04    121.231    109.398      0.000     1.3e+04    1.35e+04
===================================================================================
Ljung-Box (L1) (Q):                   0.09   Jarque-Bera (JB):             16454.75
Prob(Q):                              0.76   Prob(JB):                         0.00
Heteroskedasticity (H):               1.21   Skew:                             1.53
Prob(H) (two-sided):                  0.00   Kurtosis:                         7.97
===================================================================================

Warnings:
[1] Covariance matrix calculated using the outer product of gradients (complex-step).
conf int:                               0           1
time                                      
2018-04-01 00:00:00 -65.185845  386.242250
2018-04-01 00:30:00 -83.196586  421.437130
2018-04-01 01:00:00 -86.814981  448.350334
2018-04-01 01:30:00 -90.553528  462.813534
2018-04-01 02:00:00 -86.988796  477.440611
...                        ...         ...
2018-06-30 21:30:00  83.035348  665.367598
2018-06-30 22:00:00  87.895008  670.227258
2018-06-30 22:30:00  87.895008  670.227258
2018-06-30 23:00:00  92.754668  675.086918
2018-06-30 23:30:00  57.116517  639.448767

[4368 rows x 2 columns]
results:                       Forecast_ARIMAX  forecast_normal
time                                                 
2018-04-01 00:00:00       160.528202       160.528202
2018-04-01 00:30:00       169.120272       169.120272
2018-04-01 01:00:00       180.767677       180.767677
2018-04-01 01:30:00       186.130003       186.130003
2018-04-01 02:00:00       195.225907       195.225907
...                              ...              ...
2018-06-30 21:30:00       374.201473       374.201473
2018-06-30 22:00:00       379.061133       379.061133
2018-06-30 22:30:00       379.061133       379.061133
2018-06-30 23:00:00       383.920793       383.920793
2018-06-30 23:30:00       348.282642       348.282642

[4368 rows x 2 columns]
ADF Statistic: -21.840665
p-value: 0.000000
Critical Values:
	1%: -3.432
	5%: -2.862
	10%: -2.567
Reject the null hypothesis (H0), the data is stationary.
RMSE for 01-04-2018: 199.30125761825562

MAE for 01-04-2018: 141.5229560628933

MAPE for 01-04-2018: 0.3054642398648699
RMSE for 30-06-2018: 101.97436131007932

MAE for 30-06-2018: 89.88969043498598

MAPE for 30-06-2018: 0.3925628173229065
RMSE of Auto ARIMAX: 136.64534054821723

MAE of Auto ARIMAX: 96.42789279792261

MAPE of Auto ARIMAX: 0.3015175382076013
forecast_normal    1.000000
Forecast_ARIMAX    1.000000
hour               0.780874
daylight           0.591157
season             0.447819
month              0.395590
day                0.359722
avg                0.345145
weekend            0.292200
business hour      0.001987
q10               -0.133798
q50               -0.150488
movstd_3          -0.169560
movstd_7          -0.170356
movave_3          -0.182114
q90               -0.191416
movave_7          -0.200379
movave_30         -0.310929
movstd_30         -0.311773
qtr                     NaN


######### NAME: house_2 or less people_before 1965
Directory  Model_house_2 or less people_before 1965  already exists
exogenous features:  ['weekend', 'qtr', 'month', 'season', 'hour', 'day', 'daylight', 'business hour']
Performing stepwise search to minimize aic
 ARIMA(2,0,2)(0,0,0)[0] intercept   : AIC=265608.187, Time=73.17 sec
 ARIMA(0,0,0)(0,0,0)[0] intercept   : AIC=275608.944, Time=31.41 sec
 ARIMA(1,0,0)(0,0,0)[0] intercept   : AIC=265684.292, Time=43.76 sec
 ARIMA(0,0,1)(0,0,0)[0] intercept   : AIC=269317.659, Time=57.61 sec
 ARIMA(0,0,0)(0,0,0)[0]             : AIC=276986.389, Time=24.09 sec
 ARIMA(1,0,2)(0,0,0)[0] intercept   : AIC=265772.959, Time=69.87 sec
 ARIMA(2,0,1)(0,0,0)[0] intercept   : AIC=265723.986, Time=69.35 sec
 ARIMA(3,0,2)(0,0,0)[0] intercept   : AIC=inf, Time=87.20 sec
 ARIMA(2,0,3)(0,0,0)[0] intercept   : AIC=265608.654, Time=87.30 sec
 ARIMA(1,0,1)(0,0,0)[0] intercept   : AIC=265672.122, Time=59.60 sec
 ARIMA(1,0,3)(0,0,0)[0] intercept   : AIC=265859.780, Time=78.08 sec
 ARIMA(3,0,1)(0,0,0)[0] intercept   : AIC=265650.994, Time=79.34 sec
 ARIMA(3,0,3)(0,0,0)[0] intercept   : AIC=265732.436, Time=83.54 sec
 ARIMA(2,0,2)(0,0,0)[0]             : AIC=266128.461, Time=75.15 sec

Best model:  ARIMA(2,0,2)(0,0,0)[0] intercept
Total fit time: 919.474 seconds
arima_house_2 or less people_before 1965.pkl: 
                               SARIMAX Results                                
==============================================================================
Dep. Variable:                      y   No. Observations:                20612
Model:               SARIMAX(2, 0, 2)   Log Likelihood             -132790.094
Date:                Sat, 02 Apr 2022   AIC                         265608.187
Time:                        21:01:25   BIC                         265719.258
Sample:                    01-26-2017   HQIC                        265644.473
                         - 03-31-2018                                         
Covariance Type:                  opg                                         
=================================================================================
                    coef    std err          z      P>|z|      [0.025      0.975]
---------------------------------------------------------------------------------
intercept        13.5933      3.137      4.334      0.000       7.445      19.741
weekend         -32.0076      6.051     -5.289      0.000     -43.868     -20.147
qtr              29.5418     10.668      2.769      0.006       8.633      50.451
month           -12.7062      3.503     -3.628      0.000     -19.571      -5.841
season           42.4913      2.447     17.364      0.000      37.695      47.288
hour              5.7388      0.425     13.505      0.000       4.906       6.572
day               6.0781      2.183      2.784      0.005       1.799      10.357
daylight         97.2616      4.088     23.791      0.000      89.249     105.274
business hour   -88.4686      5.595    -15.811      0.000     -99.436     -77.502
ar.L1             1.5592      0.044     35.600      0.000       1.473       1.645
ar.L2            -0.6266      0.029    -21.913      0.000      -0.683      -0.571
ma.L1            -0.9357      0.044    -21.216      0.000      -1.022      -0.849
ma.L2             0.1058      0.008     13.268      0.000       0.090       0.121
sigma2         2.312e+04    141.061    163.884      0.000    2.28e+04    2.34e+04
===================================================================================
Ljung-Box (L1) (Q):                   4.88   Jarque-Bera (JB):             60474.50
Prob(Q):                              0.03   Prob(JB):                         0.00
Heteroskedasticity (H):               0.69   Skew:                             1.50
Prob(H) (two-sided):                  0.00   Kurtosis:                        10.84
===================================================================================

Warnings:
[1] Covariance matrix calculated using the outer product of gradients (complex-step).
conf int:                                0           1
time                                       
2018-04-01 00:00:00 -175.425521  420.578297
2018-04-01 00:30:00 -203.289123  499.094473
2018-04-01 01:00:00 -201.380137  550.790561
2018-04-01 01:30:00 -195.821987  579.181271
2018-04-01 02:00:00 -181.628581  603.003427
...                         ...         ...
2018-06-30 21:30:00   90.429014  881.224753
2018-06-30 22:00:00   96.167784  886.963523
2018-06-30 22:30:00   96.167784  886.963523
2018-06-30 23:00:00  101.906554  892.702294
2018-06-30 23:30:00    4.644966  795.440705

[4368 rows x 2 columns]
results:                       Forecast_ARIMAX  forecast_normal
time                                                 
2018-04-01 00:00:00       122.576388       122.576388
2018-04-01 00:30:00       147.902675       147.902675
2018-04-01 01:00:00       174.705212       174.705212
2018-04-01 01:30:00       191.679642       191.679642
2018-04-01 02:00:00       210.687423       210.687423
...                              ...              ...
2018-06-30 21:30:00       485.826884       485.826884
2018-06-30 22:00:00       491.565654       491.565654
2018-06-30 22:30:00       491.565654       491.565654
2018-06-30 23:00:00       497.304424       497.304424
2018-06-30 23:30:00       400.042836       400.042836

[4368 rows x 2 columns]
ADF Statistic: -10.352881
p-value: 0.000000
Critical Values:
	1%: -3.432
	5%: -2.862
	10%: -2.567
Reject the null hypothesis (H0), the data is stationary.
RMSE for 01-04-2018: 186.08555910438426

MAE for 01-04-2018: 118.49759072092631

MAPE for 01-04-2018: 0.2106244101276756
RMSE for 30-06-2018: 168.1432128602008

MAE for 30-06-2018: 142.7369962579905

MAPE for 30-06-2018: 0.4180844517542721
RMSE of Auto ARIMAX: 149.33355967299897

MAE of Auto ARIMAX: 111.47178799575205

MAPE of Auto ARIMAX: 0.31596051695435634
forecast_normal    1.000000
Forecast_ARIMAX    1.000000
hour               0.744531
daylight           0.662383
avg                0.467886
season             0.241548
month              0.196605
day                0.109894
movstd_30          0.106738
weekend            0.025177
movstd_7           0.022573
movstd_3          -0.021537
q10               -0.057964
q90               -0.059164
movave_7          -0.087485
movave_3          -0.096952
q50               -0.119027
movave_30         -0.119063
business hour     -0.154316
qtr                     NaN


######### NAME: house_3 or more people_before 1965
Directory  Model_house_3 or more people_before 1965  already exists
exogenous features:  ['weekend', 'qtr', 'month', 'season', 'hour', 'day', 'daylight', 'business hour']
Performing stepwise search to minimize aic
 ARIMA(2,0,2)(0,0,0)[0] intercept   : AIC=169898.595, Time=53.75 sec
 ARIMA(0,0,0)(0,0,0)[0] intercept   : AIC=179271.475, Time=25.54 sec
 ARIMA(1,0,0)(0,0,0)[0] intercept   : AIC=169908.906, Time=28.78 sec
 ARIMA(0,0,1)(0,0,0)[0] intercept   : AIC=174375.083, Time=38.03 sec
 ARIMA(0,0,0)(0,0,0)[0]             : AIC=180421.447, Time=10.86 sec
 ARIMA(1,0,2)(0,0,0)[0] intercept   : AIC=169996.129, Time=45.04 sec
 ARIMA(2,0,1)(0,0,0)[0] intercept   : AIC=169979.143, Time=48.37 sec
 ARIMA(3,0,2)(0,0,0)[0] intercept   : AIC=169979.674, Time=56.87 sec
 ARIMA(2,0,3)(0,0,0)[0] intercept   : AIC=169891.855, Time=54.14 sec
 ARIMA(1,0,3)(0,0,0)[0] intercept   : AIC=169983.489, Time=49.65 sec
 ARIMA(3,0,3)(0,0,0)[0] intercept   : AIC=170511.960, Time=61.43 sec
 ARIMA(2,0,4)(0,0,0)[0] intercept   : AIC=169890.337, Time=58.90 sec
 ARIMA(1,0,4)(0,0,0)[0] intercept   : AIC=169936.118, Time=54.97 sec
 ARIMA(3,0,4)(0,0,0)[0] intercept   : AIC=169951.767, Time=66.39 sec
 ARIMA(2,0,5)(0,0,0)[0] intercept   : AIC=170078.009, Time=69.59 sec
 ARIMA(1,0,5)(0,0,0)[0] intercept   : AIC=170009.570, Time=60.18 sec
 ARIMA(3,0,5)(0,0,0)[0] intercept   : AIC=170487.218, Time=67.89 sec
 ARIMA(2,0,4)(0,0,0)[0]             : AIC=170182.746, Time=53.88 sec

Best model:  ARIMA(2,0,4)(0,0,0)[0] intercept
Total fit time: 904.281 seconds
arima_house_3 or more people_before 1965.pkl: 
                               SARIMAX Results                                
==============================================================================
Dep. Variable:                      y   No. Observations:                13280
Model:               SARIMAX(2, 0, 4)   Log Likelihood              -84929.168
Date:                Sat, 02 Apr 2022   AIC                         169890.337
Time:                        21:17:35   BIC                         170010.241
Sample:                    06-28-2017   HQIC                        169930.358
                         - 03-31-2018                                         
Covariance Type:                  opg                                         
=================================================================================
                    coef    std err          z      P>|z|      [0.025      0.975]
---------------------------------------------------------------------------------
intercept         8.6060      2.125      4.050      0.000       4.441      12.771
weekend          -2.9963     11.970     -0.250      0.802     -26.458      20.465
qtr             -84.8866     21.058     -4.031      0.000    -126.161     -43.613
month            25.5458      6.810      3.751      0.000      12.198      38.894
season           78.2262      6.041     12.950      0.000      66.387      90.066
hour              2.6518      0.724      3.663      0.000       1.233       4.071
day              18.0670      4.417      4.090      0.000       9.409      26.725
daylight         86.2949      4.743     18.194      0.000      76.999      95.591
business hour     6.2803      5.913      1.062      0.288      -5.308      17.869
ar.L1             1.7324      0.043     39.829      0.000       1.647       1.818
ar.L2            -0.7675      0.035    -21.715      0.000      -0.837      -0.698
ma.L1            -1.0431      0.044    -23.830      0.000      -1.129      -0.957
ma.L2             0.1277      0.011     11.511      0.000       0.106       0.149
ma.L3             0.0622      0.011      5.900      0.000       0.042       0.083
ma.L4             0.0041      0.010      0.397      0.691      -0.016       0.025
sigma2         2.081e+04    183.263    113.549      0.000    2.05e+04    2.12e+04
===================================================================================
Ljung-Box (L1) (Q):                   0.13   Jarque-Bera (JB):              9403.04
Prob(Q):                              0.72   Prob(JB):                         0.00
Heteroskedasticity (H):               1.43   Skew:                             1.02
Prob(H) (two-sided):                  0.00   Kurtosis:                         6.58
===================================================================================

Warnings:
[1] Covariance matrix calculated using the outer product of gradients (complex-step).
conf int:                                0            1
time                                        
2018-04-01 00:00:00   57.420398   622.886673
2018-04-01 00:30:00    1.582287   688.352745
2018-04-01 01:00:00  -28.752727   726.149084
2018-04-01 01:30:00  -52.647694   752.157881
2018-04-01 02:00:00  -67.039333   774.268286
...                         ...          ...
2018-06-30 21:30:00  157.405335  1071.866277
2018-06-30 22:00:00  160.057153  1074.518095
2018-06-30 22:30:00  160.057153  1074.518095
2018-06-30 23:00:00  162.708971  1077.169913
2018-06-30 23:30:00   76.414092   990.875034

[4368 rows x 2 columns]
results:                       Forecast_ARIMAX  forecast_normal
time                                                 
2018-04-01 00:00:00       340.153535       340.153535
2018-04-01 00:30:00       344.967516       344.967516
2018-04-01 01:00:00       348.698178       348.698178
2018-04-01 01:30:00       349.755093       349.755093
2018-04-01 02:00:00       353.614476       353.614476
...                              ...              ...
2018-06-30 21:30:00       614.635806       614.635806
2018-06-30 22:00:00       617.287624       617.287624
2018-06-30 22:30:00       617.287624       617.287624
2018-06-30 23:00:00       619.939442       619.939442
2018-06-30 23:30:00       533.644563       533.644563

[4368 rows x 2 columns]
ADF Statistic: -8.835076
p-value: 0.000000
Critical Values:
	1%: -3.432
	5%: -2.862
	10%: -2.567
Reject the null hypothesis (H0), the data is stationary.
RMSE for 01-04-2018: 102.82241430272907

MAE for 01-04-2018: 88.09146037371904

MAPE for 01-04-2018: 0.26646636163341036
RMSE for 30-06-2018: 146.61171149717103

MAE for 30-06-2018: 127.30246577974329

MAPE for 30-06-2018: 0.3364190456079086
RMSE of Auto ARIMAX: 200.96990659283216

MAE of Auto ARIMAX: 152.5378865845411

MAPE of Auto ARIMAX: 0.28656336116218334
forecast_normal    1.000000
Forecast_ARIMAX    1.000000
season             0.697271
month              0.677334
daylight           0.632695
hour               0.412162
day                0.408787
avg                0.297128
weekend            0.286260
business hour      0.123806
movstd_7          -0.312490
movstd_3          -0.324884
q90               -0.327131
q50               -0.344039
movave_3          -0.346685
movave_7          -0.376657
q10               -0.403689
movstd_30         -0.544346
movave_30         -0.562874
qtr                     NaN


######### NAME: house_3 or more people_after 1965
Directory  Model_house_3 or more people_after 1965  Created 
exogenous features:  ['weekend', 'qtr', 'month', 'season', 'hour', 'day', 'daylight', 'business hour']
Performing stepwise search to minimize aic
 ARIMA(2,0,2)(0,0,0)[0] intercept   : AIC=220467.579, Time=60.93 sec
 ARIMA(0,0,0)(0,0,0)[0] intercept   : AIC=228289.727, Time=19.90 sec
 ARIMA(1,0,0)(0,0,0)[0] intercept   : AIC=220786.068, Time=33.42 sec
 ARIMA(0,0,1)(0,0,0)[0] intercept   : AIC=223552.736, Time=46.40 sec
 ARIMA(0,0,0)(0,0,0)[0]             : AIC=228662.215, Time=16.44 sec
 ARIMA(1,0,2)(0,0,0)[0] intercept   : AIC=220559.816, Time=56.29 sec
 ARIMA(2,0,1)(0,0,0)[0] intercept   : AIC=220617.171, Time=56.75 sec
 ARIMA(3,0,2)(0,0,0)[0] intercept   : AIC=220602.617, Time=64.07 sec
 ARIMA(2,0,3)(0,0,0)[0] intercept   : AIC=220463.461, Time=64.46 sec
 ARIMA(1,0,3)(0,0,0)[0] intercept   : AIC=220621.321, Time=61.95 sec
 ARIMA(3,0,3)(0,0,0)[0] intercept   : AIC=220562.498, Time=62.94 sec
 ARIMA(2,0,4)(0,0,0)[0] intercept   : AIC=220264.368, Time=79.71 sec
 ARIMA(1,0,4)(0,0,0)[0] intercept   : AIC=220619.434, Time=65.98 sec
 ARIMA(3,0,4)(0,0,0)[0] intercept   : AIC=220021.613, Time=89.50 sec
 ARIMA(4,0,4)(0,0,0)[0] intercept   : AIC=inf, Time=81.14 sec
 ARIMA(3,0,5)(0,0,0)[0] intercept   : AIC=inf, Time=87.28 sec
 ARIMA(2,0,5)(0,0,0)[0] intercept   : AIC=220096.589, Time=87.76 sec
 ARIMA(4,0,3)(0,0,0)[0] intercept   : AIC=inf, Time=79.28 sec
 ARIMA(4,0,5)(0,0,0)[0] intercept   : AIC=inf, Time=97.11 sec
 ARIMA(3,0,4)(0,0,0)[0]             : AIC=220257.659, Time=82.44 sec

Best model:  ARIMA(3,0,4)(0,0,0)[0] intercept
Total fit time: 1293.766 seconds
arima_house_3 or more people_after 1965.pkl: 
                               SARIMAX Results                                
==============================================================================
Dep. Variable:                      y   No. Observations:                16584
Model:               SARIMAX(3, 0, 4)   Log Likelihood             -109993.807
Date:                Sat, 02 Apr 2022   AIC                         220021.613
Time:                        21:40:44   BIC                         220152.789
Sample:                    04-20-2017   HQIC                        220064.922
                         - 03-31-2018                                         
Covariance Type:                  opg                                         
=================================================================================
                    coef    std err          z      P>|z|      [0.025      0.975]
---------------------------------------------------------------------------------
intercept         5.9439      0.785      7.572      0.000       4.405       7.482
weekend           5.8586      8.541      0.686      0.493     -10.882      22.600
qtr              -2.2154     14.726     -0.150      0.880     -31.079      26.648
month             0.6556      4.757      0.138      0.890      -8.668       9.979
season           73.4673      3.673     20.000      0.000      66.268      80.667
hour              4.6619      0.624      7.476      0.000       3.440       5.884
day               4.8163      3.057      1.575      0.115      -1.176      10.809
daylight        117.7144      5.865     20.072      0.000     106.220     129.209
business hour   -16.6344      7.032     -2.365      0.018     -30.417      -2.851
ar.L1             2.3083      0.031     74.432      0.000       2.247       2.369
ar.L2            -1.7469      0.059    -29.627      0.000      -1.863      -1.631
ar.L3             0.3982      0.030     13.342      0.000       0.340       0.457
ma.L1            -1.7544      0.031    -55.895      0.000      -1.816      -1.693
ma.L2             0.8642      0.044     19.638      0.000       0.778       0.950
ma.L3            -0.1035      0.014     -7.268      0.000      -0.131      -0.076
ma.L4             0.0962      0.012      7.832      0.000       0.072       0.120
sigma2          3.56e+04    286.794    124.121      0.000     3.5e+04    3.62e+04
===================================================================================
Ljung-Box (L1) (Q):                  17.74   Jarque-Bera (JB):             23481.81
Prob(Q):                              0.00   Prob(JB):                         0.00
Heteroskedasticity (H):               0.76   Skew:                             1.38
Prob(H) (two-sided):                  0.00   Kurtosis:                         8.14
===================================================================================

Warnings:
[1] Covariance matrix calculated using the outer product of gradients (complex-step).
conf int:                                0            1
time                                        
2018-04-01 00:00:00 -203.456181   536.124018
2018-04-01 00:30:00 -251.487605   593.965476
2018-04-01 01:00:00 -272.732090   621.960889
2018-04-01 01:30:00 -282.932011   629.295733
2018-04-01 02:00:00 -280.897727   641.084106
...                         ...          ...
2018-06-30 21:30:00   40.222347  1037.707731
2018-06-30 22:00:00   44.884214  1042.369598
2018-06-30 22:30:00   44.884214  1042.369598
2018-06-30 23:00:00   49.546081  1047.031465
2018-06-30 23:30:00  -68.168309   929.317075

[4368 rows x 2 columns]
results:                       Forecast_ARIMAX  forecast_normal
time                                                 
2018-04-01 00:00:00       166.333918       166.333918
2018-04-01 00:30:00       171.238936       171.238936
2018-04-01 01:00:00       174.614399       174.614399
2018-04-01 01:30:00       173.181861       173.181861
2018-04-01 02:00:00       180.093189       180.093189
...                              ...              ...
2018-06-30 21:30:00       538.965039       538.965039
2018-06-30 22:00:00       543.626906       543.626906
2018-06-30 22:30:00       543.626906       543.626906
2018-06-30 23:00:00       548.288773       548.288773
2018-06-30 23:30:00       430.574383       430.574383

[4368 rows x 2 columns]
ADF Statistic: -7.750087
p-value: 0.000000
Critical Values:
	1%: -3.432
	5%: -2.862
	10%: -2.567
Reject the null hypothesis (H0), the data is stationary.
RMSE for 01-04-2018: 231.7230491741378

MAE for 01-04-2018: 169.7526984937148

MAPE for 01-04-2018: 0.3930390424018834
RMSE for 30-06-2018: 164.0403699763115

MAE for 30-06-2018: 147.36863558644805

MAPE for 30-06-2018: 0.5689250922098992
RMSE of Auto ARIMAX: 179.97068472296502

MAE of Auto ARIMAX: 140.722184328097

MAPE of Auto ARIMAX: 0.443350694774896
forecast_normal    1.000000
Forecast_ARIMAX    1.000000
daylight           0.814339
hour               0.646253
season             0.494823
month              0.450944
avg                0.378139
day                0.200981
business hour      0.175801
weekend            0.175446
q10                0.148844
movstd_3          -0.170054
movstd_7          -0.170500
movave_3          -0.175915
movave_7          -0.183798
q50               -0.186024
q90               -0.200698
movave_30         -0.250824
movstd_30         -0.260900
qtr                     NaN


